0 info it worked if it ends with ok
1 verbose cli [ '/Users/john/.nvm/versions/node/v4.1.2/bin/node',
1 verbose cli   '/Users/john/.nvm/versions/node/v4.1.2/bin/npm',
1 verbose cli   'shrinkwrap' ]
2 info using npm@2.14.4
3 info using node@v4.1.2
4 verbose stack Error: Problems were encountered
4 verbose stack Please correct and try again.
4 verbose stack extraneous: babel-jest@5.3.0 /Users/john/Development/installer/ui/node_modules/reactjs-components/node_modules/babel-jest
4 verbose stack extraneous: eslint-plugin-react@2.7.1 /Users/john/Development/installer/ui/node_modules/reactjs-components/node_modules/eslint-plugin-react
4 verbose stack extraneous: babel-loader@5.3.2 /Users/john/Development/installer/ui/node_modules/reactjs-components/node_modules/babel-loader
4 verbose stack extraneous: gulp-replace@0.5.4 /Users/john/Development/installer/ui/node_modules/reactjs-components/node_modules/gulp-replace
4 verbose stack extraneous: node-libs-browser@0.5.3 /Users/john/Development/installer/ui/node_modules/reactjs-components/node_modules/node-libs-browser
4 verbose stack extraneous: source-map-loader@0.1.5 /Users/john/Development/installer/ui/node_modules/reactjs-components/node_modules/source-map-loader
4 verbose stack extraneous: glob@5.0.15 /Users/john/Development/installer/ui/node_modules/reactjs-components/node_modules/glob
4 verbose stack extraneous: gulp-autoprefixer@2.3.1 /Users/john/Development/installer/ui/node_modules/reactjs-components/node_modules/gulp-autoprefixer
4 verbose stack extraneous: gulp-concat@2.6.0 /Users/john/Development/installer/ui/node_modules/reactjs-components/node_modules/gulp-concat
4 verbose stack extraneous: gulp-eslint@0.15.0 /Users/john/Development/installer/ui/node_modules/reactjs-components/node_modules/gulp-eslint
4 verbose stack extraneous: gulp-sourcemaps@1.6.0 /Users/john/Development/installer/ui/node_modules/reactjs-components/node_modules/gulp-sourcemaps
4 verbose stack extraneous: babel-eslint@3.1.30 /Users/john/Development/installer/ui/node_modules/reactjs-components/node_modules/babel-eslint
4 verbose stack extraneous: eslint@0.24.1 /Users/john/Development/installer/ui/node_modules/reactjs-components/node_modules/eslint
4 verbose stack extraneous: gulp-minify-css@1.2.1 /Users/john/Development/installer/ui/node_modules/reactjs-components/node_modules/gulp-minify-css
4 verbose stack extraneous: babel-core@5.8.25 /Users/john/Development/installer/ui/node_modules/reactjs-components/node_modules/babel-core
4 verbose stack extraneous: npm-shrinkwrap@5.4.1 /Users/john/Development/installer/ui/node_modules/reactjs-components/node_modules/npm-shrinkwrap
4 verbose stack extraneous: gulp@3.9.0 /Users/john/Development/installer/ui/node_modules/reactjs-components/node_modules/gulp
4 verbose stack extraneous: gulp-less@3.0.3 /Users/john/Development/installer/ui/node_modules/reactjs-components/node_modules/gulp-less
4 verbose stack extraneous: jest-cli@0.4.19 /Users/john/Development/installer/ui/node_modules/reactjs-components/node_modules/jest-cli
4 verbose stack extraneous: babel@5.8.23 /Users/john/Development/installer/ui/node_modules/reactjs-components/node_modules/babel
4 verbose stack extraneous: browser-sync@2.9.10 /Users/john/Development/installer/ui/node_modules/reactjs-components/node_modules/browser-sync
4 verbose stack extraneous: gulp-util@3.0.6 /Users/john/Development/installer/ui/node_modules/reactjs-components/node_modules/gulp-util
4 verbose stack extraneous: gulp-connect@2.2.0 /Users/john/Development/installer/ui/node_modules/reactjs-components/node_modules/gulp-connect
4 verbose stack extraneous: gulp-uglify@1.4.1 /Users/john/Development/installer/ui/node_modules/reactjs-components/node_modules/gulp-uglify
4 verbose stack extraneous: webpack@1.12.2 /Users/john/Development/installer/ui/node_modules/reactjs-components/node_modules/webpack
4 verbose stack invalid: readable-stream@1.0.27-1 /Users/john/Development/installer/ui/node_modules/npm-shrinkwrap/node_modules/npm/node_modules/sha/node_modules/readable-stream
4 verbose stack invalid: string_decoder@0.10.25-1 /Users/john/Development/installer/ui/node_modules/npm-shrinkwrap/node_modules/npm/node_modules/sha/node_modules/readable-stream/node_modules/string_decoder
4 verbose stack     at shrinkwrap_ (/Users/john/.nvm/versions/node/v4.1.2/lib/node_modules/npm/lib/shrinkwrap.js:37:15)
4 verbose stack     at /Users/john/.nvm/versions/node/v4.1.2/lib/node_modules/npm/lib/shrinkwrap.js:31:5
4 verbose stack     at /Users/john/.nvm/versions/node/v4.1.2/lib/node_modules/npm/lib/ls.js:47:30
4 verbose stack     at /Users/john/.nvm/versions/node/v4.1.2/lib/node_modules/npm/node_modules/read-installed/read-installed.js:142:5
4 verbose stack     at /Users/john/.nvm/versions/node/v4.1.2/lib/node_modules/npm/node_modules/read-installed/read-installed.js:263:14
4 verbose stack     at cb (/Users/john/.nvm/versions/node/v4.1.2/lib/node_modules/npm/node_modules/slide/lib/async-map.js:47:24)
4 verbose stack     at /Users/john/.nvm/versions/node/v4.1.2/lib/node_modules/npm/node_modules/read-installed/read-installed.js:263:14
4 verbose stack     at cb (/Users/john/.nvm/versions/node/v4.1.2/lib/node_modules/npm/node_modules/slide/lib/async-map.js:47:24)
4 verbose stack     at /Users/john/.nvm/versions/node/v4.1.2/lib/node_modules/npm/node_modules/read-installed/read-installed.js:263:14
4 verbose stack     at cb (/Users/john/.nvm/versions/node/v4.1.2/lib/node_modules/npm/node_modules/slide/lib/async-map.js:47:24)
5 verbose cwd /Users/john/Development/installer/ui
6 error Darwin 15.2.0
7 error argv "/Users/john/.nvm/versions/node/v4.1.2/bin/node" "/Users/john/.nvm/versions/node/v4.1.2/bin/npm" "shrinkwrap"
8 error node v4.1.2
9 error npm  v2.14.4
10 error Problems were encountered
10 error Please correct and try again.
10 error extraneous: babel-jest@5.3.0 /Users/john/Development/installer/ui/node_modules/reactjs-components/node_modules/babel-jest
10 error extraneous: eslint-plugin-react@2.7.1 /Users/john/Development/installer/ui/node_modules/reactjs-components/node_modules/eslint-plugin-react
10 error extraneous: babel-loader@5.3.2 /Users/john/Development/installer/ui/node_modules/reactjs-components/node_modules/babel-loader
10 error extraneous: gulp-replace@0.5.4 /Users/john/Development/installer/ui/node_modules/reactjs-components/node_modules/gulp-replace
10 error extraneous: node-libs-browser@0.5.3 /Users/john/Development/installer/ui/node_modules/reactjs-components/node_modules/node-libs-browser
10 error extraneous: source-map-loader@0.1.5 /Users/john/Development/installer/ui/node_modules/reactjs-components/node_modules/source-map-loader
10 error extraneous: glob@5.0.15 /Users/john/Development/installer/ui/node_modules/reactjs-components/node_modules/glob
10 error extraneous: gulp-autoprefixer@2.3.1 /Users/john/Development/installer/ui/node_modules/reactjs-components/node_modules/gulp-autoprefixer
10 error extraneous: gulp-concat@2.6.0 /Users/john/Development/installer/ui/node_modules/reactjs-components/node_modules/gulp-concat
10 error extraneous: gulp-eslint@0.15.0 /Users/john/Development/installer/ui/node_modules/reactjs-components/node_modules/gulp-eslint
10 error extraneous: gulp-sourcemaps@1.6.0 /Users/john/Development/installer/ui/node_modules/reactjs-components/node_modules/gulp-sourcemaps
10 error extraneous: babel-eslint@3.1.30 /Users/john/Development/installer/ui/node_modules/reactjs-components/node_modules/babel-eslint
10 error extraneous: eslint@0.24.1 /Users/john/Development/installer/ui/node_modules/reactjs-components/node_modules/eslint
10 error extraneous: gulp-minify-css@1.2.1 /Users/john/Development/installer/ui/node_modules/reactjs-components/node_modules/gulp-minify-css
10 error extraneous: babel-core@5.8.25 /Users/john/Development/installer/ui/node_modules/reactjs-components/node_modules/babel-core
10 error extraneous: npm-shrinkwrap@5.4.1 /Users/john/Development/installer/ui/node_modules/reactjs-components/node_modules/npm-shrinkwrap
10 error extraneous: gulp@3.9.0 /Users/john/Development/installer/ui/node_modules/reactjs-components/node_modules/gulp
10 error extraneous: gulp-less@3.0.3 /Users/john/Development/installer/ui/node_modules/reactjs-components/node_modules/gulp-less
10 error extraneous: jest-cli@0.4.19 /Users/john/Development/installer/ui/node_modules/reactjs-components/node_modules/jest-cli
10 error extraneous: babel@5.8.23 /Users/john/Development/installer/ui/node_modules/reactjs-components/node_modules/babel
10 error extraneous: browser-sync@2.9.10 /Users/john/Development/installer/ui/node_modules/reactjs-components/node_modules/browser-sync
10 error extraneous: gulp-util@3.0.6 /Users/john/Development/installer/ui/node_modules/reactjs-components/node_modules/gulp-util
10 error extraneous: gulp-connect@2.2.0 /Users/john/Development/installer/ui/node_modules/reactjs-components/node_modules/gulp-connect
10 error extraneous: gulp-uglify@1.4.1 /Users/john/Development/installer/ui/node_modules/reactjs-components/node_modules/gulp-uglify
10 error extraneous: webpack@1.12.2 /Users/john/Development/installer/ui/node_modules/reactjs-components/node_modules/webpack
10 error invalid: readable-stream@1.0.27-1 /Users/john/Development/installer/ui/node_modules/npm-shrinkwrap/node_modules/npm/node_modules/sha/node_modules/readable-stream
10 error invalid: string_decoder@0.10.25-1 /Users/john/Development/installer/ui/node_modules/npm-shrinkwrap/node_modules/npm/node_modules/sha/node_modules/readable-stream/node_modules/string_decoder
11 error If you need help, you may report this error at:
11 error     <https://github.com/npm/npm/issues>
12 verbose exit [ 1, true ]
